#-----------------------------------------------------------
# Vivado v2016.4 (64-bit)
# SW Build 1756540 on Mon Jan 23 19:11:23 MST 2017
# IP Build 1755317 on Mon Jan 23 20:30:07 MST 2017
# Start of session at: Thu Jan 06 23:05:59 2022
# Process ID: 7592
# Current directory: F:/myAn3/ssc/PROIECT/project_1
# Command line: vivado.exe -gui_launcher_event rodinguilauncherevent1420 F:\myAn3\ssc\PROIECT\project_1\project_1.xpr
# Log file: F:/myAn3/ssc/PROIECT/project_1/vivado.log
# Journal file: F:/myAn3/ssc/PROIECT/project_1\vivado.jou
#-----------------------------------------------------------
start_gui
open_project F:/myAn3/ssc/PROIECT/project_1/project_1.xpr
Scanning sources...
Finished scanning sources
INFO: [IP_Flow 19-234] Refreshing IP repositories
INFO: [IP_Flow 19-1704] No user IP repositories specified
INFO: [IP_Flow 19-2313] Loaded Vivado IP repository 'D:/xillinx/Vivado/2016.4/data/ip'.
update_files -from_files F:/myAn3/ssc/PROIECT/project_1/project_1.srcs/constrs_1/imports/Configuratie/Nexys4DDR_Master.xdc -to_files F:/myAn3/ssc/Senzor_Temperatura/Senzor_Temperatura/Senzor_Temperatura.srcs/constrs_1/imports/Configuratie/Nexys4DDR_Master.xdc -filesets [get_filesets *]
INFO: [filemgmt 20-762] Replacing file 'F:/myAn3/ssc/Senzor_Temperatura/Senzor_Temperatura/Senzor_Temperatura.srcs/constrs_1/imports/Configuratie/Nexys4DDR_Master.xdc' with file 'F:/myAn3/ssc/PROIECT/project_1/project_1.srcs/constrs_1/imports/Configuratie/Nexys4DDR_Master.xdc'.
reset_run impl_1 -prev_step 
launch_runs impl_1 -to_step write_bitstream -jobs 2
WARNING: [Vivado 12-872] Run step 'Design Initialization' is out-of-date.
[Thu Jan 06 23:09:08 2022] Launched impl_1...
Run output will be captured here: F:/myAn3/ssc/PROIECT/project_1/project_1.runs/impl_1/runme.log
exit
INFO: [Common 17-206] Exiting Vivado at Fri Jan 07 00:14:23 2022...
