#-----------------------------------------------------------
# Vivado v2016.4 (64-bit)
# SW Build 1756540 on Mon Jan 23 19:11:23 MST 2017
# IP Build 1755317 on Mon Jan 23 20:30:07 MST 2017
# Start of session at: Wed Jan 12 04:38:28 2022
# Process ID: 10324
# Current directory: F:/myAn3/ssc/PROIECT/project_1
# Command line: vivado.exe -gui_launcher_event rodinguilauncherevent13548 F:\myAn3\ssc\PROIECT\project_1\project_1.xpr
# Log file: F:/myAn3/ssc/PROIECT/project_1/vivado.log
# Journal file: F:/myAn3/ssc/PROIECT/project_1\vivado.jou
#-----------------------------------------------------------
start_guioopen_project F:/myAn3/ssc/PROIECT/project_1/project_1.xpr
Scanning sources...
Finished scanning sources
INFO: [IP_Flow 19-234] Refreshing IP repositories
INFO: [IP_Flow 19-1704] No user IP repositories specified
INFO: [IP_Flow 19-2313] Loaded Vivado IP repository 'D:/xillinx/Vivado/2016.4/data/ip'.oexit
INFO: [Common 17-206] Exiting Vivado at Wed Jan 12 04:38:58 2022...
 peak = 812.508 ; gain = 146.223
reset_run synth_1
launch_runs synth_1 -jobs 2
INFO: [HDL 9-1061] Parsing VHDL file "F:/myAn3/ssc/PROIECT/project_1/project_1.srcs/sources_1/new/displ7seg.vhd" into library xil_defaultlib [F:/myAn3/ssc/PROIECT/project_1/project_1.srcs/sources_1/new/displ7seg.vhd:1]
[Wed Jan 12 04:49:37 2022] Launched synth_1...
Run output will be captured here: F:/myAn3/ssc/PROIECT/project_1/project_1.runs/synth_1/runme.log
launch_runs impl_1 -jobs 2
[Wed Jan 12 04:50:35 2022] Launched impl_1...
Run output will be captured here: F:/myAn3/ssc/PROIECT/project_1/project_1.runs/impl_1/runme.log
launch_runs impl_1 -to_step write_bitstream -jobs 2
[Wed Jan 12 04:51:47 2022] Launched impl_1...
Run output will be captured here: F:/myAn3/ssc/PROIECT/project_1/project_1.runs/impl_1/runme.log
WARNING: [Common 17-9] Error reading message records.
exit
INFO: [Common 17-206] Exiting Vivado at Wed Jan 12 04:54:21 2022...
